Build started 12/11/2024 11:18:25 AM.
Overriding target "GetFrameworkPaths" in project "C:\Windows\Microsoft.NET\Framework\v4.0.30319\Microsoft.Common.targets" with target "GetFrameworkPaths" from project "C:\Windows\Microsoft.NET\Framework\v4.0.30319\Microsoft.NETFramework.targets".
Overriding target "SatelliteDllsProjectOutputGroup" in project "C:\Windows\Microsoft.NET\Framework\v4.0.30319\Microsoft.Common.targets" with target "SatelliteDllsProjectOutputGroup" from project "C:\Windows\Microsoft.NET\Framework\v4.0.30319\Microsoft.WinFX.targets".
Project "C:\Eric\ClimateModel\ClimateModel2.csproj" on node 1 (default targets).
Building with tools version "4.0".
Target "_CheckForInvalidConfigurationAndPlatform" in file "C:\Windows\Microsoft.NET\Framework\v4.0.30319\Microsoft.Common.targets" from project "C:\Eric\ClimateModel\ClimateModel2.csproj" (entry point):
Task "Error" skipped, due to false condition; ( '$(_InvalidConfigurationError)' == 'true' ) was evaluated as ( '' == 'true' ).
Task "Warning" skipped, due to false condition; ( '$(_InvalidConfigurationWarning)' == 'true' ) was evaluated as ( '' == 'true' ).
Using "Message" task from assembly "Microsoft.Build.Tasks.v4.0, Version=4.0.0.0, Culture=neutral, PublicKeyToken=b03f5f7f11d50a3a".
Task "Message"
  Configuration=Release
Done executing task "Message".
Task "Message"
  Platform=AnyCPU
Done executing task "Message".
Task "Error" skipped, due to false condition; ('$(OutDir)' != '' and !HasTrailingSlash('$(OutDir)')) was evaluated as ('bin\Release\' != '' and !HasTrailingSlash('bin\Release\')).
Task "Error" skipped, due to false condition; ('$(BaseIntermediateOutputPath)' != '' and !HasTrailingSlash('$(BaseIntermediateOutputPath)')) was evaluated as ('obj\' != '' and !HasTrailingSlash('obj\')).
Task "Error" skipped, due to false condition; ('$(IntermediateOutputPath)' != '' and !HasTrailingSlash('$(IntermediateOutputPath)')) was evaluated as ('obj\Release\' != '' and !HasTrailingSlash('obj\Release\')).
Done building target "_CheckForInvalidConfigurationAndPlatform" in project "ClimateModel2.csproj".
Target "EntityDeploy" skipped, due to false condition; ('@(EntityDeploy)' != '') was evaluated as ('' != '').
Target "BeforeBuild" in file "C:\Windows\Microsoft.NET\Framework\v4.0.30319\Microsoft.Common.targets" from project "C:\Eric\ClimateModel\ClimateModel2.csproj" (target "Build" depends on it):
Done building target "BeforeBuild" in project "ClimateModel2.csproj".
Target "BuildOnlySettings" in file "C:\Windows\Microsoft.NET\Framework\v4.0.30319\Microsoft.Common.targets" from project "C:\Eric\ClimateModel\ClimateModel2.csproj" (target "CoreBuild" depends on it):
Done building target "BuildOnlySettings" in project "ClimateModel2.csproj".
Target "GetFrameworkPaths" in file "C:\Windows\Microsoft.NET\Framework\v4.0.30319\Microsoft.NETFramework.targets" from project "C:\Eric\ClimateModel\ClimateModel2.csproj" (target "PrepareForBuild" depends on it):
Done building target "GetFrameworkPaths" in project "ClimateModel2.csproj".
Target "GetWinFXPath" skipped, due to false condition; (('@(Page)' != '' or '@(ApplicationDefinition)' != '' or '@(Resource)' != '') and ('$(GetWinFXNativePath)' != '' or '$(GetWinFXWoWPath)' != '' )) was evaluated as (('' != '' or '' != '' or '' != '') and ('' != '' or '' != '' )).
Target "GetReferenceAssemblyPaths" in file "C:\Windows\Microsoft.NET\Framework\v4.0.30319\Microsoft.Common.targets" from project "C:\Eric\ClimateModel\ClimateModel2.csproj" (target "PrepareForBuild" depends on it):
Using "GetReferenceAssemblyPaths" task from assembly "Microsoft.Build.Tasks.v4.0, Version=4.0.0.0, Culture=neutral, PublicKeyToken=b03f5f7f11d50a3a".
Task "GetReferenceAssemblyPaths"
Done executing task "GetReferenceAssemblyPaths".
Done building target "GetReferenceAssemblyPaths" in project "ClimateModel2.csproj".
Target "PrepareForBuild" in file "C:\Windows\Microsoft.NET\Framework\v4.0.30319\Microsoft.Common.targets" from project "C:\Eric\ClimateModel\ClimateModel2.csproj" (target "CoreBuild" depends on it):
Using "FindAppConfigFile" task from assembly "Microsoft.Build.Tasks.v4.0, Version=4.0.0.0, Culture=neutral, PublicKeyToken=b03f5f7f11d50a3a".
Task "FindAppConfigFile"
Done executing task "FindAppConfigFile".
Using "MakeDir" task from assembly "Microsoft.Build.Tasks.v4.0, Version=4.0.0.0, Culture=neutral, PublicKeyToken=b03f5f7f11d50a3a".
Task "MakeDir"
Done executing task "MakeDir".
Done building target "PrepareForBuild" in project "ClimateModel2.csproj".
Target "PreBuildEvent" skipped, due to false condition; ('$(PreBuildEvent)'!='') was evaluated as (''!='').
Target "BeforeResolveReferences" in file "C:\Windows\Microsoft.NET\Framework\v4.0.30319\Microsoft.Common.targets" from project "C:\Eric\ClimateModel\ClimateModel2.csproj" (target "ResolveReferences" depends on it):
Done building target "BeforeResolveReferences" in project "ClimateModel2.csproj".
Target "AssignProjectConfiguration" skipped, due to false condition; ('$(CurrentSolutionConfigurationContents)' != '' or '@(ProjectReference)'!='') was evaluated as ('' != '' or ''!='').
Target "AssignProjectConfiguration" skipped, due to false condition; ('$(CurrentSolutionConfigurationContents)' != '' or '@(ProjectReference)'!='') was evaluated as ('' != '' or ''!='').
Target "_SplitProjectReferencesByFileExistence" in file "C:\Windows\Microsoft.NET\Framework\v4.0.30319\Microsoft.Common.targets" from project "C:\Eric\ClimateModel\ClimateModel2.csproj" (target "ResolveProjectReferences" depends on it):
Task "ResolveNonMSBuildProjectOutput" skipped, due to false condition; ('$(BuildingInsideVisualStudio)'=='true' and '@(ProjectReferenceWithConfiguration)'!='') was evaluated as (''=='true' and ''!='').
Done building target "_SplitProjectReferencesByFileExistence" in project "ClimateModel2.csproj".
Target "ResolveProjectReferences" in file "C:\Windows\Microsoft.NET\Framework\v4.0.30319\Microsoft.Common.targets" from project "C:\Eric\ClimateModel\ClimateModel2.csproj" (target "ResolveReferences" depends on it):
Task "MSBuild" skipped, due to false condition; ('%(_MSBuildProjectReferenceExistent.BuildReference)' == 'true' and '@(ProjectReferenceWithConfiguration)' != '' and ('$(BuildingInsideVisualStudio)' == 'true' or '$(BuildProjectReferences)' != 'true') and '$(VisualStudioVersion)' != '10.0' and '@(_MSBuildProjectReferenceExistent)' != '') was evaluated as ('' == 'true' and '' != '' and ('' == 'true' or 'true' != 'true') and '11.0' != '10.0' and '' != '').
Task "MSBuild" skipped, due to false condition; ('%(_MSBuildProjectReferenceExistent.BuildReference)' == 'true' and '@(ProjectReferenceWithConfiguration)' != '' and ('$(BuildingInsideVisualStudio)' == 'true' or '$(BuildProjectReferences)' != 'true') and '$(VisualStudioVersion)' == '10.0' and '@(_MSBuildProjectReferenceExistent)' != '') was evaluated as ('' == 'true' and '' != '' and ('' == 'true' or 'true' != 'true') and '11.0' == '10.0' and '' != '').
Task "MSBuild" skipped, due to false condition; ('%(_MSBuildProjectReferenceExistent.BuildReference)' == 'true' and '@(ProjectReferenceWithConfiguration)' != '' and '$(BuildingInsideVisualStudio)' != 'true' and '$(BuildProjectReferences)' == 'true' and '@(_MSBuildProjectReferenceExistent)' != '') was evaluated as ('' == 'true' and '' != '' and '' != 'true' and 'true' == 'true' and '' != '').
Task "MSBuild" skipped, due to false condition; ('%(_MSBuildProjectReferenceExistent.BuildReference)' == 'true' and '@(ProjectReferenceWithConfiguration)' != '' and '$(BuildingProject)' == 'true' and '@(_MSBuildProjectReferenceExistent)' != '') was evaluated as ('' == 'true' and '' != '' and 'true' == 'true' and '' != '').
Task "Warning" skipped, due to false condition; ('@(ProjectReferenceWithConfiguration)' != '' and '@(_MSBuildProjectReferenceNonexistent)' != '') was evaluated as ('' != '' and '' != '').
Done building target "ResolveProjectReferences" in project "ClimateModel2.csproj".
Target "ResolveNativeReferences" skipped, due to false condition; ('@(NativeReference)'!='') was evaluated as (''!='').
Target "GetFrameworkPaths" skipped. Previously built successfully.
Target "GetReferenceAssemblyPaths" skipped. Previously built successfully.
Target "PrepareForBuild" skipped. Previously built successfully.
Target "GetInstalledSDKLocations" in file "C:\Windows\Microsoft.NET\Framework\v4.0.30319\Microsoft.Common.targets" from project "C:\Eric\ClimateModel\ClimateModel2.csproj" (target "ResolveSDKReferences" depends on it):
Task "GetInstalledSDKLocations" skipped, due to false condition; ('@(SDKReference)' != '') was evaluated as ('' != '').
Done building target "GetInstalledSDKLocations" in project "ClimateModel2.csproj".
Target "ResolveSDKReferences" in file "C:\Windows\Microsoft.NET\Framework\v4.0.30319\Microsoft.Common.targets" from project "C:\Eric\ClimateModel\ClimateModel2.csproj" (target "ResolveAssemblyReferences" depends on it):
Task "ResolveSDKReference" skipped, due to false condition; ('@(SDKReference)'!='') was evaluated as (''!='').
Done building target "ResolveSDKReferences" in project "ClimateModel2.csproj".
Target "ResolveSDKReferences" skipped. Previously built successfully.
Target "ExpandSDKReferences" in file "C:\Windows\Microsoft.NET\Framework\v4.0.30319\Microsoft.Common.targets" from project "C:\Eric\ClimateModel\ClimateModel2.csproj" (target "ResolveAssemblyReferences" depends on it):
Task "GetSDKReferenceFiles" skipped, due to false condition; ('@(ResolvedSDKReference)'!='') was evaluated as (''!='').
Done building target "ExpandSDKReferences" in project "ClimateModel2.csproj".
Target "ResolveAssemblyReferences" in file "C:\Windows\Microsoft.NET\Framework\v4.0.30319\Microsoft.Common.targets" from project "C:\Eric\ClimateModel\ClimateModel2.csproj" (target "ResolveReferences" depends on it):
Using "ResolveAssemblyReference" task from assembly "Microsoft.Build.Tasks.v4.0, Version=4.0.0.0, Culture=neutral, PublicKeyToken=b03f5f7f11d50a3a".
Task "ResolveAssemblyReference"
  TargetFrameworkMoniker:
      .NETFramework,Version=v4.7.2
  TargetFrameworkMonikerDisplayName:
      .NET Framework 4.7.2
  TargetedRuntimeVersion:
      v4.0.30319
  Assemblies:
      PresentationCore
      PresentationFramework
      System
      System.Xaml
      System.Data.DataSetExtensions
      Microsoft.CSharp
      System.Data
      System.Deployment
      System.Drawing
      System.Net.Http
      System.Windows.Forms
      System.Xml
      UIAutomationProvider
      WindowsBase
      WindowsFormsIntegration
      System.Core
  AssemblyFiles:
      C:\Program Files (x86)\Reference Assemblies\Microsoft\Framework\.NETFramework\v4.7.2\mscorlib.dll
  CandidateAssemblyFiles:
  TargetFrameworkDirectories:
      C:\Program Files (x86)\Reference Assemblies\Microsoft\Framework\.NETFramework\v4.7.2\,C:\Program Files (x86)\Reference Assemblies\Microsoft\Framework\.NETFramework\v4.7.2\Facades\
  InstalledAssemblyTables:
  IgnoreInstalledAssemblyTable:
      False
  SearchPaths:
      {CandidateAssemblyFiles}
      {HintPathFromItem}
      {TargetFrameworkDirectory}
      {Registry:Software\Microsoft\.NETFramework,v4.7.2,AssemblyFoldersEx}
      {AssemblyFolders}
      {GAC}
      {RawFileName}
      bin\Release\
  AllowedAssemblyExtensions:
      .winmd
      .dll
      .exe
  AllowedRelatedFileExtensions:
      .pdb
      .xml
      .pri
  AppConfigFile:
      
  AutoUnify:
      False
  CopyLocalDependenciesWhenParentReferenceInGac:
      True
  FindDependencies:
      True
  TargetProcessorArchitecture:
      amd64
  StateFile:
      obj\Release\ClimateModel2.csprojResolveAssemblyReference.cache
  InstalledAssemblySubsetTables:
  IgnoreInstalledAssemblySubsetTable:
      False
  TargetFrameworkSubsets:
  FullTargetFrameworkSubsetNames:
      Full
  ProfileName:
      
  FullFrameworkFolders:
      C:\Program Files (x86)\Reference Assemblies\Microsoft\Framework\.NETFramework\v4.7.2\
  LatestTargetFrameworkDirectories:
  ProfileTablesLocation:
  Primary reference "mscorlib, Version=4.0.0.0, Culture=neutral, PublicKeyToken=b77a5c561934e089".
      Resolved file path is "C:\Program Files (x86)\Reference Assemblies\Microsoft\Framework\.NETFramework\v4.7.2\mscorlib.dll".
      Reference found at search path location "C:\Program Files (x86)\Reference Assemblies\Microsoft\Framework\.NETFramework\v4.7.2\mscorlib.dll".
      This reference is not "CopyLocal" because it's in a Frameworks directory.
      The ImageRuntimeVersion for this reference is "v4.0.30319".
  Primary reference "PresentationCore, Version=4.0.0.0, Culture=neutral, PublicKeyToken=31bf3856ad364e35".
      Resolved file path is "C:\Program Files (x86)\Reference Assemblies\Microsoft\Framework\.NETFramework\v4.7.2\PresentationCore.dll".
      Reference found at search path location "{TargetFrameworkDirectory}".
          For SearchPath "{TargetFrameworkDirectory}".
          Considered "C:\Program Files (x86)\Reference Assemblies\Microsoft\Framework\.NETFramework\v4.7.2\PresentationCore.winmd", but it didn't exist.
      This reference is not "CopyLocal" because it's a prerequisite file.
      The ImageRuntimeVersion for this reference is "v4.0.30319".
  Primary reference "PresentationFramework, Version=4.0.0.0, Culture=neutral, PublicKeyToken=31bf3856ad364e35".
      Resolved file path is "C:\Program Files (x86)\Reference Assemblies\Microsoft\Framework\.NETFramework\v4.7.2\PresentationFramework.dll".
      Reference found at search path location "{TargetFrameworkDirectory}".
          For SearchPath "{TargetFrameworkDirectory}".
          Considered "C:\Program Files (x86)\Reference Assemblies\Microsoft\Framework\.NETFramework\v4.7.2\PresentationFramework.winmd", but it didn't exist.
      This reference is not "CopyLocal" because it's a prerequisite file.
      The ImageRuntimeVersion for this reference is "v4.0.30319".
  Primary reference "System, Version=4.0.0.0, Culture=neutral, PublicKeyToken=b77a5c561934e089".
      Resolved file path is "C:\Program Files (x86)\Reference Assemblies\Microsoft\Framework\.NETFramework\v4.7.2\System.dll".
      Reference found at search path location "{TargetFrameworkDirectory}".
          For SearchPath "{TargetFrameworkDirectory}".
          Considered "C:\Program Files (x86)\Reference Assemblies\Microsoft\Framework\.NETFramework\v4.7.2\System.winmd", but it didn't exist.
      This reference is not "CopyLocal" because it's a prerequisite file.
      The ImageRuntimeVersion for this reference is "v4.0.30319".
  Primary reference "System.Xaml, Version=4.0.0.0, Culture=neutral, PublicKeyToken=b77a5c561934e089".
      Resolved file path is "C:\Program Files (x86)\Reference Assemblies\Microsoft\Framework\.NETFramework\v4.7.2\System.Xaml.dll".
      Reference found at search path location "{TargetFrameworkDirectory}".
          For SearchPath "{TargetFrameworkDirectory}".
          Considered "C:\Program Files (x86)\Reference Assemblies\Microsoft\Framework\.NETFramework\v4.7.2\System.Xaml.winmd", but it didn't exist.
      This reference is not "CopyLocal" because it's a prerequisite file.
      The ImageRuntimeVersion for this reference is "v4.0.30319".
  Primary reference "System.Data.DataSetExtensions, Version=4.0.0.0, Culture=neutral, PublicKeyToken=b77a5c561934e089".
      Resolved file path is "C:\Program Files (x86)\Reference Assemblies\Microsoft\Framework\.NETFramework\v4.7.2\System.Data.DataSetExtensions.dll".
      Reference found at search path location "{TargetFrameworkDirectory}".
          For SearchPath "{TargetFrameworkDirectory}".
          Considered "C:\Program Files (x86)\Reference Assemblies\Microsoft\Framework\.NETFramework\v4.7.2\System.Data.DataSetExtensions.winmd", but it didn't exist.
      This reference is not "CopyLocal" because it's a prerequisite file.
      The ImageRuntimeVersion for this reference is "v4.0.30319".
  Primary reference "Microsoft.CSharp, Version=4.0.0.0, Culture=neutral, PublicKeyToken=b03f5f7f11d50a3a".
      Resolved file path is "C:\Program Files (x86)\Reference Assemblies\Microsoft\Framework\.NETFramework\v4.7.2\Microsoft.CSharp.dll".
      Reference found at search path location "{TargetFrameworkDirectory}".
          For SearchPath "{TargetFrameworkDirectory}".
          Considered "C:\Program Files (x86)\Reference Assemblies\Microsoft\Framework\.NETFramework\v4.7.2\Microsoft.CSharp.winmd", but it didn't exist.
      This reference is not "CopyLocal" because it's a prerequisite file.
      The ImageRuntimeVersion for this reference is "v4.0.30319".
  Primary reference "System.Data, Version=4.0.0.0, Culture=neutral, PublicKeyToken=b77a5c561934e089".
      Resolved file path is "C:\Program Files (x86)\Reference Assemblies\Microsoft\Framework\.NETFramework\v4.7.2\System.Data.dll".
      Reference found at search path location "{TargetFrameworkDirectory}".
          For SearchPath "{TargetFrameworkDirectory}".
          Considered "C:\Program Files (x86)\Reference Assemblies\Microsoft\Framework\.NETFramework\v4.7.2\System.Data.winmd", but it didn't exist.
      This reference is not "CopyLocal" because it's a prerequisite file.
      The ImageRuntimeVersion for this reference is "v4.0.30319".
  Primary reference "System.Deployment, Version=4.0.0.0, Culture=neutral, PublicKeyToken=b03f5f7f11d50a3a".
      Resolved file path is "C:\Program Files (x86)\Reference Assemblies\Microsoft\Framework\.NETFramework\v4.7.2\System.Deployment.dll".
      Reference found at search path location "{TargetFrameworkDirectory}".
          For SearchPath "{TargetFrameworkDirectory}".
          Considered "C:\Program Files (x86)\Reference Assemblies\Microsoft\Framework\.NETFramework\v4.7.2\System.Deployment.winmd", but it didn't exist.
      This reference is not "CopyLocal" because it's a prerequisite file.
      The ImageRuntimeVersion for this reference is "v4.0.30319".
  Primary reference "System.Drawing, Version=4.0.0.0, Culture=neutral, PublicKeyToken=b03f5f7f11d50a3a".
      Resolved file path is "C:\Program Files (x86)\Reference Assemblies\Microsoft\Framework\.NETFramework\v4.7.2\System.Drawing.dll".
      Reference found at search path location "{TargetFrameworkDirectory}".
          For SearchPath "{TargetFrameworkDirectory}".
          Considered "C:\Program Files (x86)\Reference Assemblies\Microsoft\Framework\.NETFramework\v4.7.2\System.Drawing.winmd", but it didn't exist.
      This reference is not "CopyLocal" because it's a prerequisite file.
      The ImageRuntimeVersion for this reference is "v4.0.30319".
  Primary reference "System.Net.Http, Version=4.2.0.0, Culture=neutral, PublicKeyToken=b03f5f7f11d50a3a".
      Resolved file path is "C:\Program Files (x86)\Reference Assemblies\Microsoft\Framework\.NETFramework\v4.7.2\System.Net.Http.dll".
      Reference found at search path location "{TargetFrameworkDirectory}".
          For SearchPath "{TargetFrameworkDirectory}".
          Considered "C:\Program Files (x86)\Reference Assemblies\Microsoft\Framework\.NETFramework\v4.7.2\System.Net.Http.winmd", but it didn't exist.
      This reference is not "CopyLocal" because it's a prerequisite file.
      The ImageRuntimeVersion for this reference is "v4.0.30319".
  Primary reference "System.Windows.Forms, Version=4.0.0.0, Culture=neutral, PublicKeyToken=b77a5c561934e089".
      Resolved file path is "C:\Program Files (x86)\Reference Assemblies\Microsoft\Framework\.NETFramework\v4.7.2\System.Windows.Forms.dll".
      Reference found at search path location "{TargetFrameworkDirectory}".
          For SearchPath "{TargetFrameworkDirectory}".
          Considered "C:\Program Files (x86)\Reference Assemblies\Microsoft\Framework\.NETFramework\v4.7.2\System.Windows.Forms.winmd", but it didn't exist.
      This reference is not "CopyLocal" because it's a prerequisite file.
      The ImageRuntimeVersion for this reference is "v4.0.30319".
  Primary reference "System.Xml, Version=4.0.0.0, Culture=neutral, PublicKeyToken=b77a5c561934e089".
      Resolved file path is "C:\Program Files (x86)\Reference Assemblies\Microsoft\Framework\.NETFramework\v4.7.2\System.Xml.dll".
      Reference found at search path location "{TargetFrameworkDirectory}".
          For SearchPath "{TargetFrameworkDirectory}".
          Considered "C:\Program Files (x86)\Reference Assemblies\Microsoft\Framework\.NETFramework\v4.7.2\System.Xml.winmd", but it didn't exist.
      This reference is not "CopyLocal" because it's a prerequisite file.
      The ImageRuntimeVersion for this reference is "v4.0.30319".
  Primary reference "UIAutomationProvider, Version=4.0.0.0, Culture=neutral, PublicKeyToken=31bf3856ad364e35".
      Resolved file path is "C:\Program Files (x86)\Reference Assemblies\Microsoft\Framework\.NETFramework\v4.7.2\UIAutomationProvider.dll".
      Reference found at search path location "{TargetFrameworkDirectory}".
          For SearchPath "{TargetFrameworkDirectory}".
          Considered "C:\Program Files (x86)\Reference Assemblies\Microsoft\Framework\.NETFramework\v4.7.2\UIAutomationProvider.winmd", but it didn't exist.
      This reference is not "CopyLocal" because it's a prerequisite file.
      The ImageRuntimeVersion for this reference is "v4.0.30319".
  Primary reference "WindowsBase, Version=4.0.0.0, Culture=neutral, PublicKeyToken=31bf3856ad364e35".
      Resolved file path is "C:\Program Files (x86)\Reference Assemblies\Microsoft\Framework\.NETFramework\v4.7.2\WindowsBase.dll".
      Reference found at search path location "{TargetFrameworkDirectory}".
          For SearchPath "{TargetFrameworkDirectory}".
          Considered "C:\Program Files (x86)\Reference Assemblies\Microsoft\Framework\.NETFramework\v4.7.2\WindowsBase.winmd", but it didn't exist.
      This reference is not "CopyLocal" because it's a prerequisite file.
      The ImageRuntimeVersion for this reference is "v4.0.30319".
  Primary reference "WindowsFormsIntegration, Version=4.0.0.0, Culture=neutral, PublicKeyToken=31bf3856ad364e35".
      Resolved file path is "C:\Program Files (x86)\Reference Assemblies\Microsoft\Framework\.NETFramework\v4.7.2\WindowsFormsIntegration.dll".
      Reference found at search path location "{TargetFrameworkDirectory}".
          For SearchPath "{TargetFrameworkDirectory}".
          Considered "C:\Program Files (x86)\Reference Assemblies\Microsoft\Framework\.NETFramework\v4.7.2\WindowsFormsIntegration.winmd", but it didn't exist.
      This reference is not "CopyLocal" because it's a prerequisite file.
      The ImageRuntimeVersion for this reference is "v4.0.30319".
  Primary reference "System.Core, Version=4.0.0.0, Culture=neutral, PublicKeyToken=b77a5c561934e089".
      Resolved file path is "C:\Program Files (x86)\Reference Assemblies\Microsoft\Framework\.NETFramework\v4.7.2\System.Core.dll".
      Reference found at search path location "{TargetFrameworkDirectory}".
          For SearchPath "{TargetFrameworkDirectory}".
          Considered "C:\Program Files (x86)\Reference Assemblies\Microsoft\Framework\.NETFramework\v4.7.2\System.Core.winmd", but it didn't exist.
      This reference is not "CopyLocal" because it's a prerequisite file.
      The ImageRuntimeVersion for this reference is "v4.0.30319".
Done executing task "ResolveAssemblyReference".
Done building target "ResolveAssemblyReferences" in project "ClimateModel2.csproj".
Target "ResolveComReferences" skipped, due to false condition; ('@(COMReference)'!='' or '@(COMFileReference)'!='') was evaluated as (''!='' or ''!='').
Target "AfterResolveReferences" in file "C:\Windows\Microsoft.NET\Framework\v4.0.30319\Microsoft.Common.targets" from project "C:\Eric\ClimateModel\ClimateModel2.csproj" (target "ResolveReferences" depends on it):
Done building target "AfterResolveReferences" in project "ClimateModel2.csproj".
Target "GetReferenceAssemblyPaths" skipped. Previously built successfully.
Target "ImplicitlyExpandDesignTimeFacades" in file "C:\Windows\Microsoft.NET\Framework\v4.0.30319\Microsoft.NETFramework.targets" from project "C:\Eric\ClimateModel\ClimateModel2.csproj" (target "ResolveReferences" depends on it):
Task "Message" skipped, due to false condition; ('%(ReferencePath.ResolvedFrom)' == 'ImplicitlyExpandDesignTimeFacades') was evaluated as ('{TargetFrameworkDirectory}' == 'ImplicitlyExpandDesignTimeFacades').
Task "Message" skipped, due to false condition; ('%(ReferencePath.ResolvedFrom)' == 'ImplicitlyExpandDesignTimeFacades') was evaluated as ('C:\Program Files (x86)\Reference Assemblies\Microsoft\Framework\.NETFramework\v4.7.2\mscorlib.dll' == 'ImplicitlyExpandDesignTimeFacades').
Done building target "ImplicitlyExpandDesignTimeFacades" in project "ClimateModel2.csproj".
Target "ResolveReferences" in file "C:\Windows\Microsoft.NET\Framework\v4.0.30319\Microsoft.Common.targets" from project "C:\Eric\ClimateModel\ClimateModel2.csproj" (target "CoreBuild" depends on it):
Done building target "ResolveReferences" in project "ClimateModel2.csproj".
Target "ValidationExtension" in file "C:\Windows\Microsoft.NET\Framework\v4.0.30319\Microsoft.WorkflowBuildExtensions.targets" from project "C:\Eric\ClimateModel\ClimateModel2.csproj" (target "PrepareResources" depends on it):
Task "WorkflowBuildMessageTask" skipped, due to false condition; ('$(SkipWorkflowValidation)'!='' and '$(SkipWorkflowValidation)'!='true' and '$(SkipWorkflowValidation)'!='false') was evaluated as (''!='' and ''!='true' and ''!='false').
Done building target "ValidationExtension" in project "ClimateModel2.csproj".
Target "ExpressionBuildExtension" in file "C:\Windows\Microsoft.NET\Framework\v4.0.30319\Microsoft.WorkflowBuildExtensions.targets" from project "C:\Eric\ClimateModel\ClimateModel2.csproj" (target "PrepareResources" depends on it):
Task "WorkflowBuildMessageTask" skipped, due to false condition; ('$(DisableWorkflowCompiledExpressions)'!='' and '$(DisableWorkflowCompiledExpressions)'!='true' and '$(DisableWorkflowCompiledExpressions)'!='false') was evaluated as (''!='' and ''!='true' and ''!='false').
Done building target "ExpressionBuildExtension" in project "ClimateModel2.csproj".
Target "XamlMarkupCompilePass1" skipped, due to false condition; ('@(XamlPage)' != '' or '@(XamlAppDef)' != '') was evaluated as ('' != '' or '' != '').
Target "XamlMarkupCompileReadGeneratedFileList" skipped, due to false condition; ('@(XamlPage)' != '' or '@(XamlAppDef)' != '') was evaluated as ('' != '' or '' != '').
Target "XamlMarkupCompileAddFilesGenerated" skipped, due to false condition; ('@(XamlPage)' != '' or '@(XamlAppDef)' != '') was evaluated as ('' != '' or '' != '').
Target "XamlMarkupCompilePass2" skipped, due to false condition; ('$(XamlRequiresCompilationPass2)' == 'true' ) was evaluated as ('false' == 'true' ).
Target "XamlMarkupCompileReadPass2Flag" skipped, due to false condition; ('@(XamlPage)' != '' or '@(XamlAppDef)' != '') was evaluated as ('' != '' or '' != '').
Target "XamlMarkupCompileAddExtensionFilesGenerated" skipped, due to false condition; ('@(XamlPage)' != '' or '@(XamlAppDef)' != '') was evaluated as ('' != '' or '' != '').
Target "AddDeferredValidationErrorsFileToFileWrites" skipped, due to false condition; (Exists('$(DeferredValidationErrorsFileName)')) was evaluated as (Exists('obj\Release\\AC2C1ABA-CCF6-44D4-8127-588FD4D0A860-DeferredValidationErrors.xml')).
Target "ReportValidationBuildExtensionErrors" skipped, due to false condition; ('$(SkipWorkflowValidation)' != 'true' and ('@(XamlPage)' != '' or '@(XamlAppDef)' != '')) was evaluated as ('' != 'true' and ('' != '' or '' != '')).
Target "MarkupCompilePass1" skipped, due to false condition; ('@(Page)' != '' or '@(ApplicationDefinition)' != '' ) was evaluated as ('' != '' or '' != '' ).
Target "AfterMarkupCompilePass1" in file "C:\Windows\Microsoft.NET\Framework\v4.0.30319\Microsoft.WinFX.targets" from project "C:\Eric\ClimateModel\ClimateModel2.csproj" (target "PrepareResources" depends on it):
Done building target "AfterMarkupCompilePass1" in project "ClimateModel2.csproj".
Target "MarkupCompilePass2ForMainAssembly" skipped, due to false condition; ('$(_RequireMCPass2ForMainAssembly)' == 'true' ) was evaluated as ('false' == 'true' ).
Target "FileClassification" in file "C:\Windows\Microsoft.NET\Framework\v4.0.30319\Microsoft.WinFX.targets" from project "C:\Eric\ClimateModel\ClimateModel2.csproj" (target "PrepareResources" depends on it):
Task "FileClassifier" skipped, due to false condition; ('@(GeneratedBaml)' != '' or '@(Resource)' != '' or '@(Font)' != '') was evaluated as ('' != '' or '' != '' or '' != '').
Task "Message" skipped, due to false condition; ('$(MSBuildTargetsVerbose)'=='true') was evaluated as (''=='true').
Task "Message" skipped, due to false condition; ('$(MSBuildTargetsVerbose)'=='true') was evaluated as (''=='true').
Done building target "FileClassification" in project "ClimateModel2.csproj".
Target "MainResourcesGeneration" skipped, due to false condition; ('@(MainEmbeddedFiles)' != '') was evaluated as ('' != '').
Target "AssignWinFXEmbeddedResource" skipped, due to false condition; ('@(WinFXEmbeddedResource)' != '') was evaluated as ('' != '').
Target "AssignTargetPaths" in file "C:\Windows\Microsoft.NET\Framework\v4.0.30319\Microsoft.Common.targets" from project "C:\Eric\ClimateModel\ClimateModel2.csproj" (target "PrepareResourceNames" depends on it):
Using "AssignTargetPath" task from assembly "Microsoft.Build.Tasks.v4.0, Version=4.0.0.0, Culture=neutral, PublicKeyToken=b03f5f7f11d50a3a".
Task "AssignTargetPath"
Done executing task "AssignTargetPath".
Task "AssignTargetPath"
Done executing task "AssignTargetPath".
Task "AssignTargetPath"
Done executing task "AssignTargetPath".
Task "AssignTargetPath"
Done executing task "AssignTargetPath".
Task "AssignTargetPath" skipped, due to false condition; ('@(_DeploymentBaseManifestWithTargetPath)'=='' and '%(None.Extension)'=='.manifest') was evaluated as (''=='' and ''=='.manifest').
Done building target "AssignTargetPaths" in project "ClimateModel2.csproj".
Target "AssignTargetPaths" skipped. Previously built successfully.
Target "SplitResourcesByCulture" in file "C:\Windows\Microsoft.NET\Framework\v4.0.30319\Microsoft.Common.targets" from project "C:\Eric\ClimateModel\ClimateModel2.csproj" (target "PrepareResourceNames" depends on it):
Task "Warning" skipped, due to false condition; ('@(ResxWithNoCulture)'!='') was evaluated as (''!='').
Task "Warning" skipped, due to false condition; ('@(ResxWithCulture)'!='') was evaluated as (''!='').
Task "Warning" skipped, due to false condition; ('@(NonResxWithCulture)'!='') was evaluated as (''!='').
Task "Warning" skipped, due to false condition; ('@(NonResxWithNoCulture)'!='') was evaluated as (''!='').
Using "AssignCulture" task from assembly "Microsoft.Build.Tasks.v4.0, Version=4.0.0.0, Culture=neutral, PublicKeyToken=b03f5f7f11d50a3a".
Task "AssignCulture"
Done executing task "AssignCulture".
Done building target "SplitResourcesByCulture" in project "ClimateModel2.csproj".
Target "CreateManifestResourceNames" skipped, due to false condition; ('@(EmbeddedResource)' != '') was evaluated as ('' != '').
Target "CreateCustomManifestResourceNames" in file "C:\Windows\Microsoft.NET\Framework\v4.0.30319\Microsoft.Common.targets" from project "C:\Eric\ClimateModel\ClimateModel2.csproj" (target "PrepareResourceNames" depends on it):
Done building target "CreateCustomManifestResourceNames" in project "ClimateModel2.csproj".
Target "PrepareResourceNames" in file "C:\Windows\Microsoft.NET\Framework\v4.0.30319\Microsoft.Common.targets" from project "C:\Eric\ClimateModel\ClimateModel2.csproj" (target "PrepareResources" depends on it):
Done building target "PrepareResourceNames" in project "ClimateModel2.csproj".
Target "ResolveAssemblyReferences" skipped. Previously built successfully.
Target "SplitResourcesByCulture" skipped. Previously built successfully.
Target "BeforeResGen" in file "C:\Windows\Microsoft.NET\Framework\v4.0.30319\Microsoft.Common.targets" from project "C:\Eric\ClimateModel\ClimateModel2.csproj" (target "ResGen" depends on it):
Done building target "BeforeResGen" in project "ClimateModel2.csproj".
Target "CoreResGen" in file "C:\Windows\Microsoft.NET\Framework\v4.0.30319\Microsoft.Common.targets" from project "C:\Eric\ClimateModel\ClimateModel2.csproj" (target "ResGen" depends on it):
Task "GenerateResource" skipped, due to false condition; ('%(EmbeddedResource.Type)' == 'Resx' and '%(EmbeddedResource.GenerateResource)' != 'false' and '$(GenerateResourceMSBuildRuntime)' != 'CLR2') was evaluated as ('' == 'Resx' and '' != 'false' and 'CurrentRuntime' != 'CLR2').
Task "GenerateResource" skipped, due to false condition; ('%(EmbeddedResource.Type)' == 'Resx' and '%(EmbeddedResource.GenerateResource)' != 'false' and '$(GenerateResourceMSBuildRuntime)' == 'CLR2') was evaluated as ('' == 'Resx' and '' != 'false' and 'CurrentRuntime' == 'CLR2').
Done building target "CoreResGen" in project "ClimateModel2.csproj".
Target "AfterResGen" in file "C:\Windows\Microsoft.NET\Framework\v4.0.30319\Microsoft.Common.targets" from project "C:\Eric\ClimateModel\ClimateModel2.csproj" (target "ResGen" depends on it):
Done building target "AfterResGen" in project "ClimateModel2.csproj".
Target "ResGen" in file "C:\Windows\Microsoft.NET\Framework\v4.0.30319\Microsoft.Common.targets" from project "C:\Eric\ClimateModel\ClimateModel2.csproj" (target "PrepareResources" depends on it):
Done building target "ResGen" in project "ClimateModel2.csproj".
Target "CompileLicxFiles" skipped, due to false condition; ('@(_LicxFile)'!='') was evaluated as (''!='').
Target "PrepareResources" in file "C:\Windows\Microsoft.NET\Framework\v4.0.30319\Microsoft.Common.targets" from project "C:\Eric\ClimateModel\ClimateModel2.csproj" (target "CoreBuild" depends on it):
Done building target "PrepareResources" in project "ClimateModel2.csproj".
Target "ResolveKeySource" skipped, due to false condition; ($(SignManifests) == 'true' or $(SignAssembly) == 'true') was evaluated as ( == 'true' or  == 'true').
Target "ResolveReferences" skipped. Previously built successfully.
Target "ResolveKeySource" skipped, due to false condition; ($(SignManifests) == 'true' or $(SignAssembly) == 'true') was evaluated as ( == 'true' or  == 'true').
Target "ResolveComReferences" skipped, due to false condition; ('@(COMReference)'!='' or '@(COMFileReference)'!='') was evaluated as (''!='' or ''!='').
Target "ResolveNativeReferences" skipped, due to false condition; ('@(NativeReference)'!='') was evaluated as (''!='').
Target "_SetExternalWin32ManifestProperties" skipped, due to false condition; ('$(GenerateClickOnceManifests)'=='true' or '@(NativeReference)'!='' or '@(ResolvedIsolatedComModules)'!='') was evaluated as (''=='true' or ''!='' or ''!='').
Target "_SetEmbeddedWin32ManifestProperties" in file "C:\Windows\Microsoft.NET\Framework\v4.0.30319\Microsoft.Common.targets" from project "C:\Eric\ClimateModel\ClimateModel2.csproj" (target "SetWin32ManifestProperties" depends on it):
Using "GetFrameworkPath" task from assembly "Microsoft.Build.Tasks.v4.0, Version=4.0.0.0, Culture=neutral, PublicKeyToken=b03f5f7f11d50a3a".
Task "GetFrameworkPath"
Done executing task "GetFrameworkPath".
Done building target "_SetEmbeddedWin32ManifestProperties" in project "ClimateModel2.csproj".
Target "SetWin32ManifestProperties" in file "C:\Windows\Microsoft.NET\Framework\v4.0.30319\Microsoft.Common.targets" from project "C:\Eric\ClimateModel\ClimateModel2.csproj" (target "Compile" depends on it):
Done building target "SetWin32ManifestProperties" in project "ClimateModel2.csproj".
Target "_GenerateCompileInputs" in file "C:\Windows\Microsoft.NET\Framework\v4.0.30319\Microsoft.Common.targets" from project "C:\Eric\ClimateModel\ClimateModel2.csproj" (target "Compile" depends on it):
Task "Warning" skipped, due to false condition; ('@(ManifestResourceWithNoCulture)'!='' and '%(ManifestResourceWithNoCulture.EmittedForCompatibilityOnly)'=='') was evaluated as (''!='' and ''=='').
Task "Warning" skipped, due to false condition; ('@(ManifestNonResxWithNoCultureOnDisk)'!='' and '%(ManifestNonResxWithNoCultureOnDisk.EmittedForCompatibilityOnly)'=='') was evaluated as (''!='' and ''=='').
Done building target "_GenerateCompileInputs" in project "ClimateModel2.csproj".
Target "PrepareForBuild" skipped. Previously built successfully.
Target "GetReferenceAssemblyPaths" skipped. Previously built successfully.
Target "_SetTargetFrameworkMonikerAttribute" in file "C:\Windows\Microsoft.NET\Framework\v4.0.30319\Microsoft.CSharp.targets" from project "C:\Eric\ClimateModel\ClimateModel2.csproj" (target "GenerateTargetFrameworkMonikerAttribute" depends on it):
Done building target "_SetTargetFrameworkMonikerAttribute" in project "ClimateModel2.csproj".
Target "GenerateTargetFrameworkMonikerAttribute" in file "C:\Windows\Microsoft.NET\Framework\v4.0.30319\Microsoft.Common.targets" from project "C:\Eric\ClimateModel\ClimateModel2.csproj" (target "BeforeCompile" depends on it):
Skipping target "GenerateTargetFrameworkMonikerAttribute" because all output files are up-to-date with respect to the input files.
Input files: C:\Windows\Microsoft.NET\Framework\v4.0.30319\Microsoft.Common.targets
Output files: C:\Users\EricC\AppData\Local\Temp\.NETFramework,Version=v4.7.2.AssemblyAttributes.cs
Done building target "GenerateTargetFrameworkMonikerAttribute" in project "ClimateModel2.csproj".
Target "GenerateAdditionalSources" skipped, due to false condition; ('@(AssemblyAttributes)' != '' and '$(GenerateAdditionalSources)' == 'true') was evaluated as ('' != '' and '' == 'true').
Target "BeforeCompile" in file "C:\Windows\Microsoft.NET\Framework\v4.0.30319\Microsoft.Common.targets" from project "C:\Eric\ClimateModel\ClimateModel2.csproj" (target "Compile" depends on it):
Done building target "BeforeCompile" in project "ClimateModel2.csproj".
Target "_TimeStampBeforeCompile" skipped, due to false condition; ('$(RunPostBuildEvent)'=='OnOutputUpdated' or ('$(RegisterForComInterop)'=='true' and '$(OutputType)'=='library')) was evaluated as (''=='OnOutputUpdated' or (''=='true' and 'WinExe'=='library')).
Target "_ComputeNonExistentFileProperty" skipped, due to false condition; (('$(BuildingInsideVisualStudio)' == 'true') and ('$(BuildingOutOfProcess)' != 'true') and (('$(BuildingProject)' == 'false') or ('$(UseHostCompilerIfAvailable)' == 'true'))) was evaluated as (('' == 'true') and ('' != 'true') and (('true' == 'false') or ('true' == 'true'))).
Target "PreXsdCodeGen" in file "C:\Windows\Microsoft.NET\Framework\v4.0.30319\Microsoft.ServiceModel.targets" from project "C:\Eric\ClimateModel\ClimateModel2.csproj" (target "CoreCompile" depends on it):
Using "CallTarget" task from assembly "Microsoft.Build.Tasks.v4.0, Version=4.0.0.0, Culture=neutral, PublicKeyToken=b03f5f7f11d50a3a".
Task "CallTarget"
Target "CleanXsdCodeGen" in file "C:\Windows\Microsoft.NET\Framework\v4.0.30319\Microsoft.ServiceModel.targets" from project "C:\Eric\ClimateModel\ClimateModel2.csproj" (target "PreXsdCodeGen" depends on it):
Using "Delete" task from assembly "Microsoft.Build.Tasks.v4.0, Version=4.0.0.0, Culture=neutral, PublicKeyToken=b03f5f7f11d50a3a".
Task "Delete"
Done executing task "Delete".
Done building target "CleanXsdCodeGen" in project "ClimateModel2.csproj".
Done executing task "CallTarget".
Done building target "PreXsdCodeGen" in project "ClimateModel2.csproj".
Target "XsdCodeGen" skipped, due to false condition; ( '$(XsdCodeGenPreCondition)' == 'True' ) was evaluated as ( 'False' == 'True' ).
Target "CoreCompile" in file "C:\Windows\Microsoft.NET\Framework\v4.0.30319\Microsoft.CSharp.targets" from project "C:\Eric\ClimateModel\ClimateModel2.csproj" (target "Compile" depends on it):
Building target "CoreCompile" completely.
Input file "JPLHorizonsData.cs" is newer than output file "obj\Release\ClimateModel.exe".
Using "Csc" task from assembly "Microsoft.Build.Tasks.v4.0, Version=4.0.0.0, Culture=neutral, PublicKeyToken=b03f5f7f11d50a3a".
Task "Csc"
  C:\Windows\Microsoft.NET\Framework\v4.0.30319\Csc.exe /noconfig /nowarn:1701,1702 /nostdlib+ /platform:x64 /errorreport:prompt /warn:4 /highentropyva+ /reference:"C:\Program Files (x86)\Reference Assemblies\Microsoft\Framework\.NETFramework\v4.7.2\Microsoft.CSharp.dll" /reference:"C:\Program Files (x86)\Reference Assemblies\Microsoft\Framework\.NETFramework\v4.7.2\mscorlib.dll" /reference:"C:\Program Files (x86)\Reference Assemblies\Microsoft\Framework\.NETFramework\v4.7.2\PresentationCore.dll" /reference:"C:\Program Files (x86)\Reference Assemblies\Microsoft\Framework\.NETFramework\v4.7.2\PresentationFramework.dll" /reference:"C:\Program Files (x86)\Reference Assemblies\Microsoft\Framework\.NETFramework\v4.7.2\System.Core.dll" /reference:"C:\Program Files (x86)\Reference Assemblies\Microsoft\Framework\.NETFramework\v4.7.2\System.Data.DataSetExtensions.dll" /reference:"C:\Program Files (x86)\Reference Assemblies\Microsoft\Framework\.NETFramework\v4.7.2\System.Data.dll" /reference:"C:\Program Files (x86)\Reference Assemblies\Microsoft\Framework\.NETFramework\v4.7.2\System.Deployment.dll" /reference:"C:\Program Files (x86)\Reference Assemblies\Microsoft\Framework\.NETFramework\v4.7.2\System.dll" /reference:"C:\Program Files (x86)\Reference Assemblies\Microsoft\Framework\.NETFramework\v4.7.2\System.Drawing.dll" /reference:"C:\Program Files (x86)\Reference Assemblies\Microsoft\Framework\.NETFramework\v4.7.2\System.Net.Http.dll" /reference:"C:\Program Files (x86)\Reference Assemblies\Microsoft\Framework\.NETFramework\v4.7.2\System.Windows.Forms.dll" /reference:"C:\Program Files (x86)\Reference Assemblies\Microsoft\Framework\.NETFramework\v4.7.2\System.Xaml.dll" /reference:"C:\Program Files (x86)\Reference Assemblies\Microsoft\Framework\.NETFramework\v4.7.2\System.Xml.dll" /reference:"C:\Program Files (x86)\Reference Assemblies\Microsoft\Framework\.NETFramework\v4.7.2\UIAutomationProvider.dll" /reference:"C:\Program Files (x86)\Reference Assemblies\Microsoft\Framework\.NETFramework\v4.7.2\WindowsBase.dll" /reference:"C:\Program Files (x86)\Reference Assemblies\Microsoft\Framework\.NETFramework\v4.7.2\WindowsFormsIntegration.dll" /debug- /filealign:512 /optimize+ /out:obj\Release\ClimateModel.exe /subsystemversion:6.00 /target:winexe /utf8output ReferenceVertex.cs JPLHorizonsData.cs ConfigureFile.cs DrawBitmap.cs ECTime.cs SolarSystem.cs EarthSlice.cs ModelConstants.cs Vector3.cs MenuEvents.cs Tetrahedron.cs NumbersEC.cs QuaternionEC.cs EarthGeoid.cs MainForm.cs MatrixMath.cs MaxwellsDemon.cs PlanetSphere.cs Program.cs SpaceObject.cs StringsEC.cs ThreeDForm.cs ThreeDScene.cs "C:\Users\EricC\AppData\Local\Temp\.NETFramework,Version=v4.7.2.AssemblyAttributes.cs"
  Microsoft (R) Visual C# Compiler version 4.8.9232.0
  
  for C# 5
  Copyright (C) Microsoft Corporation. All rights reserved.
  
  
  
  This compiler is provided as part of the Microsoft (R) .NET Framework, but only supports language versions up to C# 5, which is no longer the latest version. For compilers that support newer versions of the C# programming language, see http://go.microsoft.com/fwlink/?LinkID=533240
  
Done executing task "Csc".
Task "CallTarget" skipped, due to false condition; ('$(TargetsTriggeredByCompilation)' != '') was evaluated as ('' != '').
Done building target "CoreCompile" in project "ClimateModel2.csproj".
Target "_TimeStampAfterCompile" skipped, due to false condition; ('$(RunPostBuildEvent)'=='OnOutputUpdated' or ('$(RegisterForComInterop)'=='true' and '$(OutputType)'=='library')) was evaluated as (''=='OnOutputUpdated' or (''=='true' and 'WinExe'=='library')).
Target "AfterCompile" in file "C:\Windows\Microsoft.NET\Framework\v4.0.30319\Microsoft.Common.targets" from project "C:\Eric\ClimateModel\ClimateModel2.csproj" (target "Compile" depends on it):
Done building target "AfterCompile" in project "ClimateModel2.csproj".
Target "PrepareResourcesForSatelliteAssemblies" skipped, due to false condition; ('$(UICulture)' != '') was evaluated as ('' != '').
Target "MergeLocalizationDirectives" skipped, due to false condition; ('@(GeneratedLocalizationFiles)' !='') was evaluated as ('' !='').
Target "AfterCompileWinFX" in file "C:\Windows\Microsoft.NET\Framework\v4.0.30319\Microsoft.WinFX.targets" from project "C:\Eric\ClimateModel\ClimateModel2.csproj" (target "_AfterCompileWinFXInternal" depends on it):
Done building target "AfterCompileWinFX" in project "ClimateModel2.csproj".
Target "_AfterCompileWinFXInternal" in file "C:\Windows\Microsoft.NET\Framework\v4.0.30319\Microsoft.WinFX.targets" from project "C:\Eric\ClimateModel\ClimateModel2.csproj" (target "Compile" depends on it):
Done building target "_AfterCompileWinFXInternal" in project "ClimateModel2.csproj".
Target "Compile" in file "C:\Windows\Microsoft.NET\Framework\v4.0.30319\Microsoft.Common.targets" from project "C:\Eric\ClimateModel\ClimateModel2.csproj" (target "CoreBuild" depends on it):
Done building target "Compile" in project "ClimateModel2.csproj".
Target "DeferredValidation" skipped, due to false condition; ('$(SkipWorkflowValidation)' != 'true' and ('@(XamlPage)' != '' or '@(XamlAppDef)' != '')) was evaluated as ('' != 'true' and ('' != '' or '' != '')).
Target "ExportWindowsMDFile" skipped, due to false condition; ('$(ExportWinMDFile)' == 'true') was evaluated as ('' == 'true').
Target "UnmanagedUnregistration" skipped, due to false condition; ((('$(_AssemblyTimestampBeforeCompile)' != '$(_AssemblyTimestampAfterCompile)' or '$(RegisterForComInterop)' != 'true' or '$(OutputType)' != 'library') or
                    ('$(_AssemblyTimestampBeforeCompile)' == '')) and
                   Exists('@(_UnmanagedRegistrationCache)')) was evaluated as ((('' != '' or '' != 'true' or 'WinExe' != 'library') or
                    ('' == '')) and
                   Exists('obj\ClimateModel2.csproj.UnmanagedRegistration.cache')).
Target "GenerateSerializationAssemblies" skipped, due to false condition; ('$(_SGenGenerateSerializationAssembliesConfig)' == 'On' or ('@(WebReferenceUrl)'!='' and '$(_SGenGenerateSerializationAssembliesConfig)' == 'Auto')) was evaluated as ('Auto' == 'On' or (''!='' and 'Auto' == 'Auto')).
Target "_GenerateSatelliteAssemblyInputs" in file "C:\Windows\Microsoft.NET\Framework\v4.0.30319\Microsoft.Common.targets" from project "C:\Eric\ClimateModel\ClimateModel2.csproj" (target "CreateSatelliteAssemblies" depends on it):
Task "Warning" skipped, due to false condition; ('@(ManifestResourceWithCulture)'!='' and '%(ManifestResourceWithCulture.EmittedForCompatibilityOnly)'=='') was evaluated as (''!='' and ''=='').
Task "Warning" skipped, due to false condition; ('@(ManifestNonResxWithCultureOnDisk)'!='' and '%(ManifestNonResxWithCultureOnDisk.EmittedForCompatibilityOnly)'=='') was evaluated as (''!='' and ''=='').
Done building target "_GenerateSatelliteAssemblyInputs" in project "ClimateModel2.csproj".
Target "ComputeIntermediateSatelliteAssemblies" skipped, due to false condition; (@(EmbeddedResource->'%(WithCulture)') != '') was evaluated as ( != '').
Target "GenerateSatelliteAssemblies" skipped, due to false condition; ('@(_SatelliteAssemblyResourceInputs)' != '') was evaluated as ('' != '').
Target "CreateSatelliteAssemblies" in file "C:\Windows\Microsoft.NET\Framework\v4.0.30319\Microsoft.Common.targets" from project "C:\Eric\ClimateModel\ClimateModel2.csproj" (target "CoreBuild" depends on it):
Done building target "CreateSatelliteAssemblies" in project "ClimateModel2.csproj".
Target "GenerateManifests" skipped, due to false condition; ('$(GenerateClickOnceManifests)'=='true' or '@(NativeReference)'!='' or '@(ResolvedIsolatedComModules)'!='' or '$(GenerateAppxManifest)' == 'true') was evaluated as (''=='true' or ''!='' or ''!='' or '' == 'true').
Target "GetTargetPath" in file "C:\Windows\Microsoft.NET\Framework\v4.0.30319\Microsoft.Common.targets" from project "C:\Eric\ClimateModel\ClimateModel2.csproj" (target "CoreBuild" depends on it):
Done building target "GetTargetPath" in project "ClimateModel2.csproj".
Target "ComputeIntermediateSatelliteAssemblies" skipped, due to false condition; (@(EmbeddedResource->'%(WithCulture)') != '') was evaluated as ( != '').
Target "_CopyFilesMarkedCopyLocal" skipped, due to false condition; ('@(ReferenceCopyLocalPaths)' != '') was evaluated as ('' != '').
Target "AssignTargetPaths" skipped. Previously built successfully.
Target "_SplitProjectReferencesByFileExistence" skipped. Previously built successfully.
Target "GetCopyToOutputDirectoryXamlAppDefs" in file "C:\Windows\Microsoft.NET\Framework\v4.0.30319\Microsoft.Xaml.targets" from project "C:\Eric\ClimateModel\ClimateModel2.csproj" (target "GetCopyToOutputDirectoryItems" depends on it):
Task "AssignTargetPath"
Done executing task "AssignTargetPath".
Done building target "GetCopyToOutputDirectoryXamlAppDefs" in project "ClimateModel2.csproj".
Target "GetCopyToOutputDirectoryItems" in file "C:\Windows\Microsoft.NET\Framework\v4.0.30319\Microsoft.Common.targets" from project "C:\Eric\ClimateModel\ClimateModel2.csproj" (target "_CopySourceItemsToOutputDirectory" depends on it):
Task "MSBuild" skipped, due to false condition; ('@(_MSBuildProjectReferenceExistent)' != '' and '$(_GetChildProjectCopyToOutputDirectoryItems)' == 'true' and '%(_MSBuildProjectReferenceExistent.Private)' != 'false' and '$(UseCommonOutputDirectory)' != 'true') was evaluated as ('' != '' and 'true' == 'true' and '' != 'false' and 'false' != 'true').
Task "AssignTargetPath"
Done executing task "AssignTargetPath".
Done building target "GetCopyToOutputDirectoryItems" in project "ClimateModel2.csproj".
Target "_CopyOutOfDateSourceItemsToOutputDirectory" skipped, due to false condition; ( '@(_SourceItemsToCopyToOutputDirectory)' != '' ) was evaluated as ( '' != '' ).
Target "_CopyOutOfDateSourceItemsToOutputDirectoryAlways" skipped, due to false condition; ( '@(_SourceItemsToCopyToOutputDirectoryAlways)' != '' ) was evaluated as ( '' != '' ).
Target "_CopySourceItemsToOutputDirectory" in file "C:\Windows\Microsoft.NET\Framework\v4.0.30319\Microsoft.Common.targets" from project "C:\Eric\ClimateModel\ClimateModel2.csproj" (target "CopyFilesToOutputDirectory" depends on it):
Done building target "_CopySourceItemsToOutputDirectory" in project "ClimateModel2.csproj".
Target "_CopyAppConfigFile" skipped, due to false condition; ( '@(AppConfigWithTargetPath)' != '' ) was evaluated as ( '' != '' ).
Target "_CopyManifestFiles" skipped, due to false condition; ( '$(_DeploymentCopyApplicationManifest)'=='true' or '$(GenerateClickOnceManifests)'=='true' ) was evaluated as ( ''=='true' or ''=='true' ).
Target "_CheckForCompileOutputs" in file "C:\Windows\Microsoft.NET\Framework\v4.0.30319\Microsoft.Common.targets" from project "C:\Eric\ClimateModel\ClimateModel2.csproj" (target "CopyFilesToOutputDirectory" depends on it):
Done building target "_CheckForCompileOutputs" in project "ClimateModel2.csproj".
Target "_SGenCheckForOutputs" skipped, due to false condition; ('$(_SGenGenerateSerializationAssembliesConfig)' == 'On' or ('@(WebReferenceUrl)'!='' and '$(_SGenGenerateSerializationAssembliesConfig)' == 'Auto')) was evaluated as ('Auto' == 'On' or (''!='' and 'Auto' == 'Auto')).
Target "CopyFilesToOutputDirectory" in file "C:\Windows\Microsoft.NET\Framework\v4.0.30319\Microsoft.Common.targets" from project "C:\Eric\ClimateModel\ClimateModel2.csproj" (target "PrepareForRun" depends on it):
Using "Copy" task from assembly "Microsoft.Build.Tasks.v4.0, Version=4.0.0.0, Culture=neutral, PublicKeyToken=b03f5f7f11d50a3a".
Task "Copy"
  Copying file from "obj\Release\ClimateModel.exe" to "bin\Release\ClimateModel.exe".
Done executing task "Copy".
Task "Message"
  ClimateModel2 -> C:\Eric\ClimateModel\bin\Release\ClimateModel.exe
Done executing task "Message".
Task "Copy" skipped, due to false condition; ('@(AddModules)' != '') was evaluated as ('' != '').
Task "Copy" skipped, due to false condition; ('$(_SGenDllCreated)'=='true') was evaluated as ('false'=='true').
Task "Copy" skipped, due to false condition; ('$(_DebugSymbolsProduced)'=='true' and '$(SkipCopyingSymbolsToOutputDirectory)' != 'true' and '$(CopyOutputSymbolsToOutputDirectory)'=='true') was evaluated as ('false'=='true' and '' != 'true' and 'true'=='true').
Task "Copy" skipped, due to false condition; ('$(_DocumentationFileProduced)'=='true') was evaluated as ('false'=='true').
Task "Copy" skipped, due to false condition; ('@(IntermediateSatelliteAssembliesWithTargetPath)' != '') was evaluated as ('' != '').
Task "Copy" skipped, due to false condition; ('@(ReferenceComWrappersToCopyLocal)' != '' or '@(ResolvedIsolatedComModules)' != '' or '@(_DeploymentLooseManifestFile)' != '' or '@(NativeReferenceFile)' != '' ) was evaluated as ('' != '' or '' != '' or '' != '' or '' != '' ).
Task "Copy" skipped, due to false condition; ('$(SkipCopyWinMDArtifact)' != 'true' and '@(WinMDExpArtifacts)' != '') was evaluated as ('' != 'true' and '' != '').
Task "Message" skipped, due to false condition; ('$(SkipCopyWinMDArtifact)' != 'true' and '$(_WindowsMetadataOutputPath)' != '') was evaluated as ('' != 'true' and '' != '').
Done building target "CopyFilesToOutputDirectory" in project "ClimateModel2.csproj".
Target "PrepareForRun" in file "C:\Windows\Microsoft.NET\Framework\v4.0.30319\Microsoft.Common.targets" from project "C:\Eric\ClimateModel\ClimateModel2.csproj" (target "CoreBuild" depends on it):
Done building target "PrepareForRun" in project "ClimateModel2.csproj".
Target "UnmanagedRegistration" skipped, due to false condition; ('$(RegisterForComInterop)'=='true' and '$(OutputType)'=='library') was evaluated as (''=='true' and 'WinExe'=='library').
Target "_CheckForCompileOutputs" skipped. Previously built successfully.
Target "_SGenCheckForOutputs" skipped, due to false condition; ('$(_SGenGenerateSerializationAssembliesConfig)' == 'On' or ('@(WebReferenceUrl)'!='' and '$(_SGenGenerateSerializationAssembliesConfig)' == 'Auto')) was evaluated as ('Auto' == 'On' or (''!='' and 'Auto' == 'Auto')).
Target "_CleanGetCurrentAndPriorFileWrites" in file "C:\Windows\Microsoft.NET\Framework\v4.0.30319\Microsoft.Common.targets" from project "C:\Eric\ClimateModel\ClimateModel2.csproj" (target "IncrementalClean" depends on it):
Using "ReadLinesFromFile" task from assembly "Microsoft.Build.Tasks.v4.0, Version=4.0.0.0, Culture=neutral, PublicKeyToken=b03f5f7f11d50a3a".
Task "ReadLinesFromFile"
Done executing task "ReadLinesFromFile".
Using "ConvertToAbsolutePath" task from assembly "Microsoft.Build.Tasks.v4.0, Version=4.0.0.0, Culture=neutral, PublicKeyToken=b03f5f7f11d50a3a".
Task "ConvertToAbsolutePath"
Done executing task "ConvertToAbsolutePath".
Using "FindUnderPath" task from assembly "Microsoft.Build.Tasks.v4.0, Version=4.0.0.0, Culture=neutral, PublicKeyToken=b03f5f7f11d50a3a".
Task "FindUnderPath"
  Comparison path is "C:\Eric\ClimateModel".
Done executing task "FindUnderPath".
Task "FindUnderPath"
  Comparison path is "bin\Release\".
Done executing task "FindUnderPath".
Task "FindUnderPath"
  Comparison path is "obj\Release\".
Done executing task "FindUnderPath".
Using "RemoveDuplicates" task from assembly "Microsoft.Build.Tasks.v4.0, Version=4.0.0.0, Culture=neutral, PublicKeyToken=b03f5f7f11d50a3a".
Task "RemoveDuplicates"
Done executing task "RemoveDuplicates".
Done building target "_CleanGetCurrentAndPriorFileWrites" in project "ClimateModel2.csproj".
Target "IncrementalClean" in file "C:\Windows\Microsoft.NET\Framework\v4.0.30319\Microsoft.Common.targets" from project "C:\Eric\ClimateModel\ClimateModel2.csproj" (target "CoreBuild" depends on it):
Task "FindUnderPath"
  Comparison path is "bin\Release\".
Done executing task "FindUnderPath".
Task "FindUnderPath"
  Comparison path is "obj\Release\".
Done executing task "FindUnderPath".
Task "Delete"
Done executing task "Delete".
Task "RemoveDuplicates"
Done executing task "RemoveDuplicates".
Task "WriteLinesToFile" skipped, due to false condition; ('@(_CleanUnfilteredPriorFileWrites)'!='@(_CleanUniqueRemainingFileWritesAfterIncrementalClean)') was evaluated as ('C:\Eric\ClimateModel\obj\Release\ClimateModel2.csprojResolveAssemblyReference.cache;C:\Eric\ClimateModel\bin\Release\ClimateModel.exe;C:\Eric\ClimateModel\obj\Release\ClimateModel.exe;C:\Eric\Main\ClimateModel\bin\Release\ClimateModel.exe;C:\Eric\Main\ClimateModel\obj\Release\ClimateModel2.csprojResolveAssemblyReference.cache;C:\Eric\Main\ClimateModel\obj\Release\ClimateModel.exe'!='C:\Eric\ClimateModel\obj\Release\ClimateModel2.csprojResolveAssemblyReference.cache;C:\Eric\ClimateModel\bin\Release\ClimateModel.exe;C:\Eric\ClimateModel\obj\Release\ClimateModel.exe;C:\Eric\Main\ClimateModel\bin\Release\ClimateModel.exe;C:\Eric\Main\ClimateModel\obj\Release\ClimateModel2.csprojResolveAssemblyReference.cache;C:\Eric\Main\ClimateModel\obj\Release\ClimateModel.exe').
Done building target "IncrementalClean" in project "ClimateModel2.csproj".
Target "PostBuildEvent" skipped, due to false condition; ('$(PostBuildEvent)' != '' and ('$(RunPostBuildEvent)' != 'OnOutputUpdated' or '$(_AssemblyTimestampBeforeCompile)' != '$(_AssemblyTimestampAfterCompile)')) was evaluated as ('' != '' and ('' != 'OnOutputUpdated' or '' != '')).
Target "CoreBuild" in file "C:\Windows\Microsoft.NET\Framework\v4.0.30319\Microsoft.Common.targets" from project "C:\Eric\ClimateModel\ClimateModel2.csproj" (target "Build" depends on it):
Done building target "CoreBuild" in project "ClimateModel2.csproj".
Target "AfterBuild" in file "C:\Windows\Microsoft.NET\Framework\v4.0.30319\Microsoft.Common.targets" from project "C:\Eric\ClimateModel\ClimateModel2.csproj" (target "Build" depends on it):
Done building target "AfterBuild" in project "ClimateModel2.csproj".
Target "Build" in file "C:\Windows\Microsoft.NET\Framework\v4.0.30319\Microsoft.Common.targets" from project "C:\Eric\ClimateModel\ClimateModel2.csproj" (entry point):
Done building target "Build" in project "ClimateModel2.csproj".
Done Building Project "C:\Eric\ClimateModel\ClimateModel2.csproj" (default targets).

Build succeeded.
    0 Warning(s)
    0 Error(s)

Time Elapsed 00:00:00.61
